INFO  17:58:25,116 - Compiling source file: C:\Users\Home\PPprojekat\pp1lab.templateAST\workspace\MJCompiler\test\program.mj
INFO  17:58:25,160 - #2 program
INFO  17:58:25,160 - #49 test301
INFO  17:58:25,160 - #42 const
INFO  17:58:25,161 - #49 int
INFO  17:58:25,161 - #49 nula
INFO  17:58:25,162 - #36 =
INFO  17:58:25,162 - #46 0
INFO  17:58:25,162 - #5 ;
INFO  17:58:25,162 - #42 const
INFO  17:58:25,163 - #49 int
INFO  17:58:25,163 - #49 jedan
INFO  17:58:25,163 - #36 =
INFO  17:58:25,163 - #46 1
INFO  17:58:25,164 - #5 ;
INFO  17:58:25,164 - #42 const
INFO  17:58:25,164 - #49 int
INFO  17:58:25,164 - #49 pet
INFO  17:58:25,164 - #36 =
INFO  17:58:25,164 - #46 5
INFO  17:58:25,164 - #5 ;
INFO  17:58:25,164 - #49 int
INFO  17:58:25,165 - #49 niz
INFO  17:58:25,165 - #40 [
INFO  17:58:25,165 - #41 ]
INFO  17:58:25,165 - #5 ;
INFO  17:58:25,166 - #49 char
INFO  17:58:25,167 - #49 nizch
INFO  17:58:25,167 - #40 [
INFO  17:58:25,167 - #41 ]
INFO  17:58:25,167 - #5 ;
INFO  17:58:25,167 - #3 {
INFO  17:58:25,167 - #12 void
INFO  17:58:25,168 - #49 main
INFO  17:58:25,168 - #6 (
INFO  17:58:25,169 - #7 )
INFO  17:58:25,169 - #49 int
INFO  17:58:25,170 - #49 bodovi
INFO  17:58:25,170 - #5 ;
INFO  17:58:25,170 - #3 {
INFO  17:58:25,171 - #49 bodovi
INFO  17:58:25,171 - #36 =
INFO  17:58:25,171 - #46 0
INFO  17:58:25,172 - #5 ;
INFO  17:58:25,173 - #49 bodovi
INFO  17:58:25,173 - #37 ++
INFO  17:58:25,173 - #5 ;
INFO  17:58:25,173 - #49 bodovi
INFO  17:58:25,174 - #36 =
INFO  17:58:25,174 - #49 bodovi
INFO  17:58:25,174 - #11 +
INFO  17:58:25,175 - #49 jedan
INFO  17:58:25,176 - #5 ;
INFO  17:58:25,176 - #49 bodovi
INFO  17:58:25,176 - #36 =
INFO  17:58:25,176 - #49 bodovi
INFO  17:58:25,176 - #14 *
INFO  17:58:25,176 - #49 pet
INFO  17:58:25,177 - #5 ;
INFO  17:58:25,178 - #49 bodovi
INFO  17:58:25,178 - #38 --
INFO  17:58:25,178 - #5 ;
INFO  17:58:25,178 - #9 print
INFO  17:58:25,178 - #6 (
INFO  17:58:25,178 - #49 bodovi
INFO  17:58:25,178 - #7 )
INFO  17:58:25,178 - #5 ;
INFO  17:58:25,178 - #49 niz
INFO  17:58:25,179 - #36 =
INFO  17:58:25,179 - #45 new
INFO  17:58:25,179 - #49 int
INFO  17:58:25,179 - #40 [
INFO  17:58:25,179 - #46 3
INFO  17:58:25,179 - #41 ]
INFO  17:58:25,179 - #5 ;
INFO  17:58:25,179 - #49 niz
INFO  17:58:25,179 - #40 [
INFO  17:58:25,179 - #49 nula
INFO  17:58:25,180 - #41 ]
INFO  17:58:25,180 - #36 =
INFO  17:58:25,180 - #49 jedan
INFO  17:58:25,180 - #5 ;
INFO  17:58:25,180 - #49 niz
INFO  17:58:25,180 - #40 [
INFO  17:58:25,180 - #46 1
INFO  17:58:25,180 - #41 ]
INFO  17:58:25,180 - #36 =
INFO  17:58:25,181 - #46 2
INFO  17:58:25,181 - #5 ;
INFO  17:58:25,181 - #49 niz
INFO  17:58:25,181 - #40 [
INFO  17:58:25,181 - #49 niz
INFO  17:58:25,181 - #40 [
INFO  17:58:25,181 - #49 jedan
INFO  17:58:25,181 - #41 ]
INFO  17:58:25,181 - #41 ]
INFO  17:58:25,181 - #36 =
INFO  17:58:25,181 - #49 niz
INFO  17:58:25,182 - #40 [
INFO  17:58:25,182 - #49 niz
INFO  17:58:25,182 - #40 [
INFO  17:58:25,182 - #46 0
INFO  17:58:25,182 - #41 ]
INFO  17:58:25,182 - #41 ]
INFO  17:58:25,182 - #14 *
INFO  17:58:25,182 - #46 3
INFO  17:58:25,182 - #5 ;
INFO  17:58:25,183 - #49 bodovi
INFO  17:58:25,183 - #36 =
INFO  17:58:25,183 - #49 niz
INFO  17:58:25,183 - #40 [
INFO  17:58:25,183 - #46 2
INFO  17:58:25,183 - #41 ]
INFO  17:58:25,183 - #25 /
INFO  17:58:25,183 - #49 niz
INFO  17:58:25,184 - #40 [
INFO  17:58:25,184 - #46 0
INFO  17:58:25,184 - #41 ]
INFO  17:58:25,184 - #5 ;
INFO  17:58:25,184 - #9 print
INFO  17:58:25,184 - #6 (
INFO  17:58:25,184 - #49 bodovi
INFO  17:58:25,184 - #7 )
INFO  17:58:25,184 - #5 ;
INFO  17:58:25,185 - #9 print
INFO  17:58:25,185 - #6 (
INFO  17:58:25,185 - #49 niz
INFO  17:58:25,185 - #40 [
INFO  17:58:25,185 - #46 2
INFO  17:58:25,185 - #41 ]
INFO  17:58:25,185 - #7 )
INFO  17:58:25,185 - #5 ;
INFO  17:58:25,185 - #49 niz
INFO  17:58:25,185 - #40 [
INFO  17:58:25,185 - #46 2
INFO  17:58:25,186 - #41 ]
INFO  17:58:25,186 - #33 +=
INFO  17:58:25,186 - #49 bodovi
INFO  17:58:25,186 - #34 *=
INFO  17:58:25,187 - #46 2
INFO  17:58:25,187 - #5 ;
INFO  17:58:25,187 - #49 niz
INFO  17:58:25,187 - #40 [
INFO  17:58:25,187 - #46 2
INFO  17:58:25,188 - #41 ]
INFO  17:58:25,188 - #37 ++
INFO  17:58:25,188 - #5 ;
INFO  17:58:25,188 - #9 print
INFO  17:58:25,188 - #6 (
INFO  17:58:25,188 - #49 niz
INFO  17:58:25,188 - #40 [
INFO  17:58:25,188 - #46 2
INFO  17:58:25,188 - #41 ]
INFO  17:58:25,188 - #7 )
INFO  17:58:25,188 - #5 ;
INFO  17:58:25,188 - #49 nizch
INFO  17:58:25,188 - #36 =
INFO  17:58:25,189 - #45 new
INFO  17:58:25,189 - #49 char
INFO  17:58:25,189 - #40 [
INFO  17:58:25,189 - #46 3
INFO  17:58:25,189 - #41 ]
INFO  17:58:25,189 - #5 ;
INFO  17:58:25,189 - #49 nizch
INFO  17:58:25,189 - #40 [
INFO  17:58:25,189 - #46 0
INFO  17:58:25,189 - #41 ]
INFO  17:58:25,189 - #36 =
INFO  17:58:25,190 - #48 a
INFO  17:58:25,190 - #5 ;
INFO  17:58:25,190 - #49 nizch
INFO  17:58:25,190 - #40 [
INFO  17:58:25,190 - #49 jedan
INFO  17:58:25,190 - #41 ]
INFO  17:58:25,190 - #36 =
INFO  17:58:25,190 - #48 b
INFO  17:58:25,191 - #5 ;
INFO  17:58:25,191 - #49 nizch
INFO  17:58:25,191 - #40 [
INFO  17:58:25,191 - #49 pet
INFO  17:58:25,191 - #24 -
INFO  17:58:25,191 - #46 3
INFO  17:58:25,192 - #41 ]
INFO  17:58:25,192 - #36 =
INFO  17:58:25,192 - #48 c
INFO  17:58:25,192 - #5 ;
INFO  17:58:25,192 - #9 print
INFO  17:58:25,192 - #6 (
INFO  17:58:25,192 - #49 nizch
INFO  17:58:25,192 - #40 [
INFO  17:58:25,192 - #46 1
INFO  17:58:25,192 - #41 ]
INFO  17:58:25,192 - #7 )
INFO  17:58:25,192 - #5 ;
INFO  17:58:25,192 - #9 print
INFO  17:58:25,192 - #6 (
INFO  17:58:25,193 - #49 nizch
INFO  17:58:25,195 - #40 [
INFO  17:58:25,195 - #49 jedan
INFO  17:58:25,195 - #14 *
INFO  17:58:25,195 - #46 2
INFO  17:58:25,195 - #41 ]
INFO  17:58:25,195 - #7 )
INFO  17:58:25,195 - #5 ;
INFO  17:58:25,195 - #49 bodovi
INFO  17:58:25,195 - #36 =
INFO  17:58:25,195 - #49 bodovi
INFO  17:58:25,195 - #11 +
INFO  17:58:25,195 - #6 (
INFO  17:58:25,195 - #49 pet
INFO  17:58:25,195 - #14 *
INFO  17:58:25,195 - #49 jedan
INFO  17:58:25,196 - #24 -
INFO  17:58:25,196 - #46 1
INFO  17:58:25,196 - #7 )
INFO  17:58:25,196 - #14 *
INFO  17:58:25,196 - #49 bodovi
INFO  17:58:25,196 - #24 -
INFO  17:58:25,196 - #6 (
INFO  17:58:25,196 - #46 3
INFO  17:58:25,196 - #23 %
INFO  17:58:25,196 - #46 2
INFO  17:58:25,197 - #11 +
INFO  17:58:25,197 - #46 3
INFO  17:58:25,197 - #14 *
INFO  17:58:25,197 - #46 2
INFO  17:58:25,197 - #24 -
INFO  17:58:25,197 - #46 3
INFO  17:58:25,197 - #7 )
INFO  17:58:25,197 - #5 ;
INFO  17:58:25,197 - #9 print
INFO  17:58:25,198 - #6 (
INFO  17:58:25,198 - #49 bodovi
INFO  17:58:25,198 - #7 )
INFO  17:58:25,198 - #5 ;
INFO  17:58:25,198 - #4 }
INFO  17:58:25,198 - #4 }
INFO  17:58:25,206 - ===================================
INFO  17:58:25,209 - Deklarisana konstanta: nula na liniji 5
INFO  17:58:25,210 - Deklarisana konstanta: jedan na liniji 6
INFO  17:58:25,210 - Deklarisana konstanta: pet na liniji 7
INFO  17:58:25,210 - Deklarisana promenljiva tipa niz: niz na liniji 9
INFO  17:58:25,210 - Deklarisana promenljiva tipa niz: nizch na liniji 10
INFO  17:58:25,210 - Obradjuje se funkcija main na liniji 13
INFO  17:58:25,210 - Deklarisana promenljiva: bodovi na liniji 14
INFO  17:58:25,211 -  Print count calls = 7
INFO  17:58:25,212 -  Deklarisanih promenljivih ima = 6
INFO  17:58:25,212 - ===================================
INFO  17:58:25,221 - Parsiranje uspesno zavrseno!
